<?xml version="1.0" encoding="UTF-8"?>
<robot generator="Robot 7.0 (Python 3.9.6 on darwin)" generated="2024-02-14T09:35:42.058004" rpa="false" schemaversion="5">
<suite id="s1" name="MainPage UI tests" source="/Users/martinpur/Documents/Automatizovane_testy_vzory/Automated_tests/MainPage_UI_tests.robot">
<test id="s1-t1" name="Pre-Conditions" line="18">
<kw name="Pre Condition Open Browser And Maximize" owner="keywords">
<kw name="Set Selenium Speed" owner="SeleniumLibrary">
<arg>${Speed}</arg>
<doc>Sets the delay that is waited after each Selenium command.</doc>
<status status="PASS" start="2024-02-14T09:35:42.145106" elapsed="0.000596"/>
</kw>
<kw name="Open Browser" owner="SeleniumLibrary">
<msg time="2024-02-14T09:35:42.145921" level="INFO">Opening browser 'Chrome' to base url 'https://www.ryanair.com/cz/cs'.</msg>
<arg>${URL}</arg>
<arg>${Browser}</arg>
<doc>Opens a new browser instance to the optional ``url``.</doc>
<status status="PASS" start="2024-02-14T09:35:42.145804" elapsed="1.676503"/>
</kw>
<kw name="Maximize Browser Window" owner="SeleniumLibrary">
<doc>Maximizes current browser window.</doc>
<status status="PASS" start="2024-02-14T09:35:43.822663" elapsed="0.616336"/>
</kw>
<kw name="Set Focus To Element" owner="SeleniumLibrary">
<arg>${Cookie_Button}</arg>
<doc>Sets the focus to the element identified by ``locator``.</doc>
<status status="PASS" start="2024-02-14T09:35:44.439252" elapsed="0.426286"/>
</kw>
<kw name="Click Element" owner="SeleniumLibrary">
<msg time="2024-02-14T09:35:44.868077" level="INFO">Clicking element '//*[@id="cookie-popup-with-overlay"]/div/div[3]/button[2]'.</msg>
<arg>${Cookie_Button}</arg>
<doc>Click the element identified by ``locator``.</doc>
<status status="PASS" start="2024-02-14T09:35:44.866727" elapsed="0.738330"/>
</kw>
<kw name="Wait Until Element Is Visible" owner="SeleniumLibrary">
<arg>${Element}</arg>
<doc>Waits until the element ``locator`` is visible.</doc>
<status status="PASS" start="2024-02-14T09:35:45.605547" elapsed="0.445116"/>
</kw>
<arg>${ChromeBrowser}</arg>
<arg>${URL}</arg>
<arg>${UI_Element}</arg>
<arg>0.2</arg>
<status status="PASS" start="2024-02-14T09:35:42.144571" elapsed="3.906887"/>
</kw>
<status status="PASS" start="2024-02-14T09:35:42.144246" elapsed="3.908124"/>
</test>
<test id="s1-t2" name="TC01-Ryanair_MainPage_Check_If_Flight_Search_Is_Present" line="21">
<kw name="Check If Search Flight Is Present" owner="keywords">
<kw name="Element Should Be Visible" owner="SeleniumLibrary">
<msg time="2024-02-14T09:35:46.497038" level="INFO">Element '//*[@id="input-button__departure"]' is displayed.</msg>
<arg>${MainPage_Departure_Airport_Field}</arg>
<doc>Verifies that the element identified by ``locator`` is visible.</doc>
<status status="PASS" start="2024-02-14T09:35:46.056243" elapsed="0.441005"/>
</kw>
<kw name="Wait Until Page Contains" owner="SeleniumLibrary">
<arg>${Expected_Text}</arg>
<doc>Waits until ``text`` appears on the current page.</doc>
<status status="PASS" start="2024-02-14T09:35:46.497568" elapsed="0.219245"/>
</kw>
<arg>Zpáteční let</arg>
<status status="PASS" start="2024-02-14T09:35:46.055241" elapsed="0.662264"/>
</kw>
<status status="PASS" start="2024-02-14T09:35:46.053343" elapsed="0.665017"/>
</test>
<test id="s1-t3" name="TC02-Ryanair_MainPage_Flight_Search_Empty_Airports" line="24">
<kw name="Search Flight With Empty Airports" owner="keywords">
<kw name="Element Should Be Visible" owner="SeleniumLibrary">
<msg time="2024-02-14T09:35:47.160343" level="INFO">Element '//*[@id="main-content"]/fsw-flight-search-widget-container/fsw-flight-search-widget/div/fsw-flight-search-widget-controls-container/fsw-flight-search-widget-content-container/fsw-flight-search-widget-content/div[1]/div/fsw-input-button' is displayed.</msg>
<arg>${MainPage_Departure_Airport_Container}</arg>
<doc>Verifies that the element identified by ``locator`` is visible.</doc>
<status status="PASS" start="2024-02-14T09:35:46.722811" elapsed="0.438222"/>
</kw>
<kw name="Element Should Be Visible" owner="SeleniumLibrary">
<msg time="2024-02-14T09:35:47.595390" level="INFO">Element '//*[@id="input-button__departure"]' is displayed.</msg>
<arg>${MainPage_Departure_Airport_Field}</arg>
<doc>Verifies that the element identified by ``locator`` is visible.</doc>
<status status="PASS" start="2024-02-14T09:35:47.162235" elapsed="0.433416"/>
</kw>
<kw name="Element Should Be Visible" owner="SeleniumLibrary">
<msg time="2024-02-14T09:35:48.029649" level="INFO">Element '//*[@id="main-content"]/fsw-flight-search-widget-container/fsw-flight-search-widget/div/fsw-flight-search-widget-controls-container/fsw-flight-search-widget-content-container/fsw-flight-search-widget-content/div[2]/div/button' is displayed.</msg>
<arg>${MainPage_Search_Flight_Button}</arg>
<doc>Verifies that the element identified by ``locator`` is visible.</doc>
<status status="PASS" start="2024-02-14T09:35:47.596070" elapsed="0.434165"/>
</kw>
<kw name="Click Element" owner="SeleniumLibrary">
<msg time="2024-02-14T09:35:48.032719" level="INFO">Clicking element '//*[@id="input-button__departure"]'.</msg>
<arg>${MainPage_Departure_Airport_Field}</arg>
<doc>Click the element identified by ``locator``.</doc>
<status status="PASS" start="2024-02-14T09:35:48.031374" elapsed="0.479761"/>
</kw>
<kw name="Wait Until Element Is Visible" owner="SeleniumLibrary">
<arg>${MainPage_Clear_Airports_Button}</arg>
<doc>Waits until the element ``locator`` is visible.</doc>
<status status="PASS" start="2024-02-14T09:35:48.511333" elapsed="0.431993"/>
</kw>
<kw name="Click Element" owner="SeleniumLibrary">
<msg time="2024-02-14T09:35:48.946098" level="INFO">Clicking element '//*[@id="ry-tooltip-1"]/div[2]/hp-app-controls-tooltips/fsw-controls-tooltips-container/fsw-controls-tooltips/fsw-origin-container/fsw-airports/div/fsw-airports-list/div[1]/button'.</msg>
<arg>${MainPage_Clear_Airports_Button}</arg>
<doc>Click the element identified by ``locator``.</doc>
<status status="PASS" start="2024-02-14T09:35:48.944629" elapsed="0.493996"/>
</kw>
<kw name="Sleep" owner="BuiltIn">
<msg time="2024-02-14T09:35:50.440826" level="INFO">Slept 1 second.</msg>
<arg>1</arg>
<doc>Pauses the test executed for the given time.</doc>
<status status="PASS" start="2024-02-14T09:35:49.439558" elapsed="1.001774"/>
</kw>
<kw name="Submit Form" owner="keywords">
<kw name="Set Focus To Element" owner="SeleniumLibrary">
<arg>${Submit_Button}</arg>
<doc>Sets the focus to the element identified by ``locator``.</doc>
<status status="PASS" start="2024-02-14T09:35:50.443695" elapsed="0.450295"/>
</kw>
<kw name="Click Element" owner="SeleniumLibrary">
<msg time="2024-02-14T09:35:50.896622" level="INFO">Clicking element '//*[@id="main-content"]/fsw-flight-search-widget-container/fsw-flight-search-widget/div/fsw-flight-search-widget-controls-container/fsw-flight-search-widget-content-container/fsw-flight-search-widget-content/div[2]/div/button'.</msg>
<arg>${Submit_Button}</arg>
<doc>Click the element identified by ``locator``.</doc>
<status status="PASS" start="2024-02-14T09:35:50.895302" elapsed="0.461898"/>
</kw>
<arg>${MainPage_Search_Flight_Button}</arg>
<status status="PASS" start="2024-02-14T09:35:50.442375" elapsed="0.915521"/>
</kw>
<kw name="Element Attribute Value Should Be" owner="SeleniumLibrary">
<msg time="2024-02-14T09:35:51.791489" level="INFO">Element '//*[@id="input-button__departure"]' attribute 'placeholder' contains value 'Vyberte z'.</msg>
<arg>${MainPage_Departure_Airport_Field}</arg>
<arg>placeholder</arg>
<arg>${Expected_Text}</arg>
<doc>Verifies element identified by ``locator`` contains expected attribute value.</doc>
<status status="PASS" start="2024-02-14T09:35:51.358787" elapsed="0.433325"/>
</kw>
<kw name="Element Attribute Value Should Be" owner="SeleniumLibrary">
<msg time="2024-02-14T09:35:52.225384" level="INFO">Element '//*[@id="main-content"]/fsw-flight-search-widget-container/fsw-flight-search-widget/div/fsw-flight-search-widget-controls-container/fsw-flight-search-widget-content-container/fsw-flight-search-widget-content/div[1]/div/fsw-input-button' attribute 'class' contains value 'flight-widget-content__control flight-widget-content__control--airport ng-tns-c2916670490-4 input-button--connected-right input-button--error'.</msg>
<arg>${MainPage_Departure_Airport_Container}</arg>
<arg>class</arg>
<arg>${MainPage_Search_Flight_Error_Css_Class_For_Departure}</arg>
<doc>Verifies element identified by ``locator`` contains expected attribute value.</doc>
<status status="PASS" start="2024-02-14T09:35:51.793313" elapsed="0.433049"/>
</kw>
<arg>Vyberte z</arg>
<status status="PASS" start="2024-02-14T09:35:46.721521" elapsed="5.505366"/>
</kw>
<status status="PASS" start="2024-02-14T09:35:46.719377" elapsed="5.508194"/>
</test>
<test id="s1-t4" name="TC03-Ryanair_MainPage_Flight_Search_Empty_Destination_Airport" line="27">
<kw name="Search Flight With Empty Destination Airport" owner="keywords">
<kw name="Element Should Be Visible" owner="SeleniumLibrary">
<msg time="2024-02-14T09:35:52.653001" level="INFO">Element '//*[@id="input-button__departure"]' is displayed.</msg>
<arg>${MainPage_Departure_Airport_Field}</arg>
<doc>Verifies that the element identified by ``locator`` is visible.</doc>
<status status="PASS" start="2024-02-14T09:35:52.230654" elapsed="0.422630"/>
</kw>
<kw name="Element Should Be Visible" owner="SeleniumLibrary">
<msg time="2024-02-14T09:35:53.092426" level="INFO">Element '//*[@id="main-content"]/fsw-flight-search-widget-container/fsw-flight-search-widget/div/fsw-flight-search-widget-controls-container/fsw-flight-search-widget-content-container/fsw-flight-search-widget-content/div[1]/div/div/fsw-input-button' is displayed.</msg>
<arg>${MainPage_Destination_Airport_Container}</arg>
<doc>Verifies that the element identified by ``locator`` is visible.</doc>
<status status="PASS" start="2024-02-14T09:35:52.653972" elapsed="0.438693"/>
</kw>
<kw name="Element Should Be Visible" owner="SeleniumLibrary">
<msg time="2024-02-14T09:35:53.522812" level="INFO">Element '//*[@id="input-button__destination"]' is displayed.</msg>
<arg>${MainPage_Destination_Airport_Field}</arg>
<doc>Verifies that the element identified by ``locator`` is visible.</doc>
<status status="PASS" start="2024-02-14T09:35:53.093086" elapsed="0.430401"/>
</kw>
<kw name="Element Should Be Visible" owner="SeleniumLibrary">
<msg time="2024-02-14T09:35:53.951378" level="INFO">Element '//*[@id="main-content"]/fsw-flight-search-widget-container/fsw-flight-search-widget/div/fsw-flight-search-widget-controls-container/fsw-flight-search-widget-content-container/fsw-flight-search-widget-content/div[2]/div/button' is displayed.</msg>
<arg>${MainPage_Search_Flight_Button}</arg>
<doc>Verifies that the element identified by ``locator`` is visible.</doc>
<status status="PASS" start="2024-02-14T09:35:53.524635" elapsed="0.427270"/>
</kw>
<kw name="Click Element" owner="SeleniumLibrary">
<msg time="2024-02-14T09:35:53.953931" level="INFO">Clicking element '//*[@id="input-button__departure"]'.</msg>
<arg>${MainPage_Departure_Airport_Field}</arg>
<doc>Click the element identified by ``locator``.</doc>
<status status="PASS" start="2024-02-14T09:35:53.952942" elapsed="0.466406"/>
</kw>
<kw name="Wait Until Element Is Visible" owner="SeleniumLibrary">
<arg>${MainPage_Search_Flight_Czech_Airports_Button}</arg>
<doc>Waits until the element ``locator`` is visible.</doc>
<status status="PASS" start="2024-02-14T09:35:54.419605" elapsed="0.434012"/>
</kw>
<kw name="Click Element" owner="SeleniumLibrary">
<msg time="2024-02-14T09:35:54.855814" level="INFO">Clicking element '//*[@id="ry-tooltip-1"]/div[2]/hp-app-controls-tooltips/fsw-controls-tooltips-container/fsw-controls-tooltips/fsw-origin-container/fsw-airports/fsw-countries/div[2]/div[8]/span'.</msg>
<arg>${MainPage_Search_Flight_Czech_Airports_Button}</arg>
<doc>Click the element identified by ``locator``.</doc>
<status status="PASS" start="2024-02-14T09:35:54.854678" elapsed="0.454052"/>
</kw>
<kw name="Wait Until Element Is Visible" owner="SeleniumLibrary">
<arg>${MainPage_Search_Flight_Ostrava_Airport_Button}</arg>
<doc>Waits until the element ``locator`` is visible.</doc>
<status status="PASS" start="2024-02-14T09:35:55.309494" elapsed="0.441063"/>
</kw>
<kw name="Click Element" owner="SeleniumLibrary">
<msg time="2024-02-14T09:35:55.753358" level="INFO">Clicking element '//*[@id="ry-tooltip-1"]/div[2]/hp-app-controls-tooltips/fsw-controls-tooltips-container/fsw-controls-tooltips/fsw-origin-container/fsw-airports/div/fsw-airports-list/div[2]/div[1]/fsw-airport-item[2]'.</msg>
<arg>${MainPage_Search_Flight_Ostrava_Airport_Button}</arg>
<doc>Click the element identified by ``locator``.</doc>
<status status="PASS" start="2024-02-14T09:35:55.751869" elapsed="0.482787"/>
</kw>
<kw name="Submit Form" owner="keywords">
<kw name="Set Focus To Element" owner="SeleniumLibrary">
<arg>${Submit_Button}</arg>
<doc>Sets the focus to the element identified by ``locator``.</doc>
<status status="PASS" start="2024-02-14T09:35:56.235552" elapsed="0.437320"/>
</kw>
<kw name="Click Element" owner="SeleniumLibrary">
<msg time="2024-02-14T09:35:56.675340" level="INFO">Clicking element '//*[@id="main-content"]/fsw-flight-search-widget-container/fsw-flight-search-widget/div/fsw-flight-search-widget-controls-container/fsw-flight-search-widget-content-container/fsw-flight-search-widget-content/div[2]/div/button'.</msg>
<arg>${Submit_Button}</arg>
<doc>Click the element identified by ``locator``.</doc>
<status status="PASS" start="2024-02-14T09:35:56.674049" elapsed="0.456405"/>
</kw>
<arg>${MainPage_Search_Flight_Button}</arg>
<status status="PASS" start="2024-02-14T09:35:56.235034" elapsed="0.896182"/>
</kw>
<kw name="Element Attribute Value Should Be" owner="SeleniumLibrary">
<msg time="2024-02-14T09:35:57.563325" level="INFO">Element '//*[@id="input-button__destination"]' attribute 'placeholder' contains value 'Vyberte destinaci'.</msg>
<arg>${MainPage_Destination_Airport_Field}</arg>
<arg>placeholder</arg>
<arg>${Expected_Text}</arg>
<doc>Verifies element identified by ``locator`` contains expected attribute value.</doc>
<status status="PASS" start="2024-02-14T09:35:57.132106" elapsed="0.431391"/>
</kw>
<kw name="Element Attribute Value Should Be" owner="SeleniumLibrary">
<msg time="2024-02-14T09:35:57.990589" level="INFO">Element '//*[@id="main-content"]/fsw-flight-search-widget-container/fsw-flight-search-widget/div/fsw-flight-search-widget-controls-container/fsw-flight-search-widget-content-container/fsw-flight-search-widget-content/div[1]/div/div/fsw-input-button' attribute 'class' contains value 'flight-widget-content__control flight-widget-content__control--destination-airport ng-tns-c2916670490-4 input-button--connected-left input-button--content-shifted input-button--error'.</msg>
<arg>${MainPage_Destination_Airport_Container}</arg>
<arg>class</arg>
<arg>${MainPage_Search_Flight_Error_Css_Class_For_Destination}</arg>
<doc>Verifies element identified by ``locator`` contains expected attribute value.</doc>
<status status="PASS" start="2024-02-14T09:35:57.563799" elapsed="0.427328"/>
</kw>
<arg>Vyberte destinaci</arg>
<status status="PASS" start="2024-02-14T09:35:52.229876" elapsed="5.761844"/>
</kw>
<status status="PASS" start="2024-02-14T09:35:52.228338" elapsed="5.764222"/>
</test>
<test id="s1-t5" name="TC04-Ryanair_MainPage_Flight_Search_Empty_Travel_Dates" line="30">
<kw name="Search Flight With Empty Travel Dates" owner="keywords">
<kw name="Element Should Be Visible" owner="SeleniumLibrary">
<msg time="2024-02-14T09:35:58.429938" level="INFO">Element '//*[@id="main-content"]/fsw-flight-search-widget-container/fsw-flight-search-widget/div/fsw-flight-search-widget-controls-container/fsw-flight-search-widget-content-container/fsw-flight-search-widget-content/div[1]/div/div/fsw-input-button' is displayed.</msg>
<arg>${MainPage_Destination_Airport_Container}</arg>
<doc>Verifies that the element identified by ``locator`` is visible.</doc>
<status status="PASS" start="2024-02-14T09:35:57.996593" elapsed="0.433967"/>
</kw>
<kw name="Element Should Be Visible" owner="SeleniumLibrary">
<msg time="2024-02-14T09:35:58.864359" level="INFO">Element '//*[@id="input-button__destination"]' is displayed.</msg>
<arg>${MainPage_Destination_Airport_Field}</arg>
<doc>Verifies that the element identified by ``locator`` is visible.</doc>
<status status="PASS" start="2024-02-14T09:35:58.432037" elapsed="0.432918"/>
</kw>
<kw name="Element Should Be Visible" owner="SeleniumLibrary">
<msg time="2024-02-14T09:35:59.300872" level="INFO">Element '//*[@id="main-content"]/fsw-flight-search-widget-container/fsw-flight-search-widget/div/fsw-flight-search-widget-controls-container/fsw-flight-search-widget-content-container/fsw-flight-search-widget-content/div[2]/div/button' is displayed.</msg>
<arg>${MainPage_Search_Flight_Button}</arg>
<doc>Verifies that the element identified by ``locator`` is visible.</doc>
<status status="PASS" start="2024-02-14T09:35:58.866053" elapsed="0.435380"/>
</kw>
<kw name="Click Element" owner="SeleniumLibrary">
<msg time="2024-02-14T09:35:59.303684" level="INFO">Clicking element '//*[@id="input-button__destination"]'.</msg>
<arg>${MainPage_Destination_Airport_Field}</arg>
<doc>Click the element identified by ``locator``.</doc>
<status status="PASS" start="2024-02-14T09:35:59.302415" elapsed="0.474625"/>
</kw>
<kw name="Wait Until Element Is Visible" owner="SeleniumLibrary">
<arg>${MainPage_Search_Flight_Spanish_Airports_Button}</arg>
<doc>Waits until the element ``locator`` is visible.</doc>
<status status="PASS" start="2024-02-14T09:35:59.778076" elapsed="0.439826"/>
</kw>
<kw name="Click Element" owner="SeleniumLibrary">
<msg time="2024-02-14T09:36:00.220694" level="INFO">Clicking element '//*[@id="ry-tooltip-3"]/div[2]/hp-app-controls-tooltips/fsw-controls-tooltips-container/fsw-controls-tooltips/fsw-destination-container/fsw-airports/fsw-countries/div[5]/div[3]/span'.</msg>
<arg>${MainPage_Search_Flight_Spanish_Airports_Button}</arg>
<doc>Click the element identified by ``locator``.</doc>
<status status="PASS" start="2024-02-14T09:36:00.219266" elapsed="0.464137"/>
</kw>
<kw name="Wait Until Element Is Visible" owner="SeleniumLibrary">
<arg>${MainPage_Search_Flight_Malaga_Airport_Button}</arg>
<doc>Waits until the element ``locator`` is visible.</doc>
<status status="PASS" start="2024-02-14T09:36:00.684770" elapsed="0.440813"/>
</kw>
<kw name="Click Element" owner="SeleniumLibrary">
<msg time="2024-02-14T09:36:01.128134" level="INFO">Clicking element '//*[@id="ry-tooltip-3"]/div[2]/hp-app-controls-tooltips/fsw-controls-tooltips-container/fsw-controls-tooltips/fsw-destination-container/fsw-airports/div/fsw-airports-list/div[2]/div[1]/fsw-airport-item'.</msg>
<arg>${MainPage_Search_Flight_Malaga_Airport_Button}</arg>
<doc>Click the element identified by ``locator``.</doc>
<status status="PASS" start="2024-02-14T09:36:01.126918" elapsed="0.496831"/>
</kw>
<kw name="Submit Form" owner="keywords">
<kw name="Set Focus To Element" owner="SeleniumLibrary">
<arg>${Submit_Button}</arg>
<doc>Sets the focus to the element identified by ``locator``.</doc>
<status status="PASS" start="2024-02-14T09:36:01.624599" elapsed="0.426418"/>
</kw>
<kw name="Click Element" owner="SeleniumLibrary">
<msg time="2024-02-14T09:36:02.053555" level="INFO">Clicking element '//*[@id="main-content"]/fsw-flight-search-widget-container/fsw-flight-search-widget/div/fsw-flight-search-widget-controls-container/fsw-flight-search-widget-content-container/fsw-flight-search-widget-content/div[2]/div/button'.</msg>
<arg>${Submit_Button}</arg>
<doc>Click the element identified by ``locator``.</doc>
<status status="PASS" start="2024-02-14T09:36:02.052274" elapsed="0.459878"/>
</kw>
<arg>${MainPage_Search_Flight_Button}</arg>
<status status="PASS" start="2024-02-14T09:36:01.624107" elapsed="0.888204"/>
</kw>
<kw name="Wait Until Page Contains" owner="SeleniumLibrary">
<arg>${Expected_Text}</arg>
<doc>Waits until ``text`` appears on the current page.</doc>
<status status="PASS" start="2024-02-14T09:36:02.512488" elapsed="0.216899"/>
</kw>
<kw name="Element Attribute Value Should Be" owner="SeleniumLibrary">
<msg time="2024-02-14T09:36:03.157587" level="INFO">Element '//*[@id="main-content"]/fsw-flight-search-widget-container/fsw-flight-search-widget/div/fsw-flight-search-widget-controls-container/fsw-flight-search-widget-content-container/fsw-flight-search-widget-content/div[1]/div[2]/div/fsw-input-button[1]' attribute 'class' contains value 'flight-widget-content__control flight-widget-content__control--date ng-tns-c2916670490-4 ng-trigger ng-trigger-datesFromTripTypeChange input-button--connected-right input-button--error'.</msg>
<arg>${MainPage_Start_Date_Field}</arg>
<arg>class</arg>
<arg>${MainPage_Search_Flight_Error_Css_Class_For_Start_Date}</arg>
<doc>Verifies element identified by ``locator`` contains expected attribute value.</doc>
<status status="PASS" start="2024-02-14T09:36:02.729835" elapsed="0.428297"/>
</kw>
<arg>Vyberte termín cesty</arg>
<status status="PASS" start="2024-02-14T09:35:57.995228" elapsed="5.163424"/>
</kw>
<status status="PASS" start="2024-02-14T09:35:57.993440" elapsed="5.166026"/>
</test>
<test id="s1-t6" name="Post-Conditions" line="33">
<kw name="Post Condition Close Browser" owner="keywords">
<kw name="Sleep" owner="BuiltIn">
<msg time="2024-02-14T09:36:04.164289" level="INFO">Slept 1 second.</msg>
<arg>1</arg>
<doc>Pauses the test executed for the given time.</doc>
<status status="PASS" start="2024-02-14T09:36:03.162739" elapsed="1.002048"/>
</kw>
<kw name="Close Browser" owner="SeleniumLibrary">
<doc>Closes the current browser.</doc>
<status status="PASS" start="2024-02-14T09:36:04.165816" elapsed="0.281599"/>
</kw>
<status status="PASS" start="2024-02-14T09:36:03.161910" elapsed="1.285827"/>
</kw>
<status status="PASS" start="2024-02-14T09:36:03.160364" elapsed="1.287827"/>
</test>
<status status="PASS" start="2024-02-14T09:35:42.058979" elapsed="22.390292"/>
</suite>
<statistics>
<total>
<stat pass="6" fail="0" skip="0">All Tests</stat>
</total>
<tag>
</tag>
<suite>
<stat pass="6" fail="0" skip="0" id="s1" name="MainPage UI tests">MainPage UI tests</stat>
</suite>
</statistics>
<errors>
</errors>
</robot>
