<?xml version="1.0" encoding="UTF-8"?>
<robot generator="Robot 7.0 (Python 3.9.6 on darwin)" generated="2024-03-25T13:03:15.480559" rpa="false" schemaversion="5">
<suite id="s1" name="TS 05-MainPage UI tests" source="/Users/martinpur/Documents/Automatizovane_testy_vzory/Automated_tests/TS_05-MainPage_UI_tests.robot">
<test id="s1-t1" name="Pre-Conditions" line="18">
<kw name="Pre Condition Open Browser And Maximize" owner="keywords">
<kw name="Set Selenium Speed" owner="SeleniumLibrary">
<arg>${Speed}</arg>
<doc>Sets the delay that is waited after each Selenium command.</doc>
<status status="PASS" start="2024-03-25T13:03:15.591311" elapsed="0.000135"/>
</kw>
<kw name="Open Browser" owner="SeleniumLibrary">
<msg time="2024-03-25T13:03:15.591656" level="INFO">Opening browser 'Chrome' to base url 'https://www.ryanair.com/cz/cs'.</msg>
<arg>${URL}</arg>
<arg>${Browser}</arg>
<doc>Opens a new browser instance to the optional ``url``.</doc>
<status status="PASS" start="2024-03-25T13:03:15.591545" elapsed="1.645947"/>
</kw>
<kw name="Maximize Browser Window" owner="SeleniumLibrary">
<doc>Maximizes current browser window.</doc>
<status status="PASS" start="2024-03-25T13:03:17.238224" elapsed="0.609004"/>
</kw>
<kw name="Set Focus To Element" owner="SeleniumLibrary">
<arg>${Cookie_Button}</arg>
<doc>Sets the focus to the element identified by ``locator``.</doc>
<status status="PASS" start="2024-03-25T13:03:17.848993" elapsed="0.434943"/>
</kw>
<kw name="Click Element" owner="SeleniumLibrary">
<msg time="2024-03-25T13:03:18.286850" level="INFO">Clicking element '//*[@id="cookie-popup-with-overlay"]/div/div[3]/button[2]'.</msg>
<arg>${Cookie_Button}</arg>
<doc>Click the element identified by ``locator``.</doc>
<status status="PASS" start="2024-03-25T13:03:18.285364" elapsed="0.754981"/>
</kw>
<kw name="Wait Until Element Is Visible" owner="SeleniumLibrary">
<arg>${Element}</arg>
<doc>Waits until the element ``locator`` is visible.</doc>
<status status="PASS" start="2024-03-25T13:03:19.040846" elapsed="0.446331"/>
</kw>
<arg>${ChromeBrowser}</arg>
<arg>${URL}</arg>
<arg>${UI_Element}</arg>
<arg>0.2</arg>
<status status="PASS" start="2024-03-25T13:03:15.590775" elapsed="3.897263"/>
</kw>
<status status="PASS" start="2024-03-25T13:03:15.590454" elapsed="3.898816"/>
</test>
<test id="s1-t2" name="TC_05_01-Ryanair_MainPage_Swaping_Searches" line="21">
<kw name="MainPage Swap Searches" owner="keywords">
<kw name="Wait Until Element Is Visible" owner="SeleniumLibrary">
<arg>${MainPage_Flight_Search_Button}</arg>
<doc>Waits until the element ``locator`` is visible.</doc>
<status status="PASS" start="2024-03-25T13:03:19.493308" elapsed="0.441908"/>
</kw>
<kw name="Click Element" owner="SeleniumLibrary">
<msg time="2024-03-25T13:03:19.935894" level="INFO">Clicking element '//button[@aria-label="pronájem auta"]'.</msg>
<arg>${MainPage_Car_Rent_Button}</arg>
<doc>Click the element identified by ``locator``.</doc>
<status status="PASS" start="2024-03-25T13:03:19.935532" elapsed="0.460422"/>
</kw>
<kw name="Wait Until Page Contains" owner="SeleniumLibrary">
<arg>Jdeme na to</arg>
<doc>Waits until ``text`` appears on the current page.</doc>
<status status="PASS" start="2024-03-25T13:03:20.396292" elapsed="0.220545"/>
</kw>
<kw name="Click Element" owner="SeleniumLibrary">
<msg time="2024-03-25T13:03:20.617672" level="INFO">Clicking element '//button[@aria-label="hotely"]'.</msg>
<arg>${MainPage_Hotel_Search_Button}</arg>
<doc>Click the element identified by ``locator``.</doc>
<status status="PASS" start="2024-03-25T13:03:20.617239" elapsed="0.465133"/>
</kw>
<kw name="Wait Until Page Contains" owner="SeleniumLibrary">
<arg>Vyhledat</arg>
<doc>Waits until ``text`` appears on the current page.</doc>
<status status="PASS" start="2024-03-25T13:03:21.083678" elapsed="0.226622"/>
</kw>
<status status="PASS" start="2024-03-25T13:03:19.492395" elapsed="1.818658"/>
</kw>
<status status="PASS" start="2024-03-25T13:03:19.490404" elapsed="1.821414"/>
</test>
<test id="s1-t3" name="TC_05_02-Ryanair_MainPage_Travel_Info_PopUp" line="24">
<kw name="MainPage Travel PopUp" owner="keywords">
<kw name="Wait Until Element Is Visible" owner="SeleniumLibrary">
<arg>${MainPage_Flight_Search_Button}</arg>
<doc>Waits until the element ``locator`` is visible.</doc>
<status status="PASS" start="2024-03-25T13:03:21.315207" elapsed="0.430861"/>
</kw>
<kw name="Click Element" owner="SeleniumLibrary">
<msg time="2024-03-25T13:03:21.748823" level="INFO">Clicking element '//button[@aria-label="lety"]'.</msg>
<arg>${MainPage_Flight_Search_Button}</arg>
<doc>Click the element identified by ``locator``.</doc>
<status status="PASS" start="2024-03-25T13:03:21.747405" elapsed="0.476657"/>
</kw>
<kw name="Mouse Over" owner="SeleniumLibrary">
<msg time="2024-03-25T13:03:22.226560" level="INFO">Simulating Mouse Over on element '//*[@id="input-button__destination"]'.</msg>
<arg>${MainPage_Destination_Airport_Field}</arg>
<doc>Simulates hovering the mouse over the element ``locator``.</doc>
<status status="PASS" start="2024-03-25T13:03:22.225295" elapsed="0.709359"/>
</kw>
<kw name="Element Should Be Visible" owner="SeleniumLibrary">
<msg time="2024-03-25T13:03:23.158991" level="FAIL">Element with locator '//*[@id="ry-tooltip-2"]/div[2]/div/div[2]/span' not found.</msg>
<arg>${MainPage_Destination_PopUp}</arg>
<doc>Verifies that the element identified by ``locator`` is visible.</doc>
<status status="FAIL" start="2024-03-25T13:03:22.935925" elapsed="0.238656">Element with locator '//*[@id="ry-tooltip-2"]/div[2]/div/div[2]/span' not found.</status>
</kw>
<status status="FAIL" start="2024-03-25T13:03:21.314233" elapsed="1.860687">Element with locator '//*[@id="ry-tooltip-2"]/div[2]/div/div[2]/span' not found.</status>
</kw>
<status status="FAIL" start="2024-03-25T13:03:21.312530" elapsed="1.862787">Element with locator '//*[@id="ry-tooltip-2"]/div[2]/div/div[2]/span' not found.</status>
</test>
<test id="s1-t4" name="TC_05_03-Ryanair_MainPage_Hover_On_Offering_Cards" line="27">
<kw name="MainPage Offering Cards" owner="keywords">
<kw name="Wait Until Element Is Visible" owner="SeleniumLibrary">
<arg>${MainPage_Car_Rent_Card}</arg>
<doc>Waits until the element ``locator`` is visible.</doc>
<status status="PASS" start="2024-03-25T13:03:23.177021" elapsed="0.433804"/>
</kw>
<kw name="Mouse Over" owner="SeleniumLibrary">
<msg time="2024-03-25T13:03:23.613562" level="INFO">Simulating Mouse Over on element '//*[@id="input-button__destination"]'.</msg>
<arg>${MainPage_Destination_Airport_Field}</arg>
<doc>Simulates hovering the mouse over the element ``locator``.</doc>
<status status="PASS" start="2024-03-25T13:03:23.612125" elapsed="0.687459"/>
</kw>
<kw name="Wait Until Page Contains" owner="SeleniumLibrary">
<arg>Vyhledejte nejlepší ceny na trhu</arg>
<doc>Waits until ``text`` appears on the current page.</doc>
<status status="PASS" start="2024-03-25T13:03:24.299898" elapsed="0.215339"/>
</kw>
<kw name="Mouse Over" owner="SeleniumLibrary">
<msg time="2024-03-25T13:03:24.517942" level="INFO">Simulating Mouse Over on element '(//img[@alt="DÁRKOVÉ POUKÁZKY"])[1]'.</msg>
<arg>${MainPage_Gift_Card}</arg>
<doc>Simulates hovering the mouse over the element ``locator``.</doc>
<status status="PASS" start="2024-03-25T13:03:24.516539" elapsed="0.717759"/>
</kw>
<kw name="Wait Until Page Contains" owner="SeleniumLibrary">
<arg>Darujte něco, co si opravdu zamilují</arg>
<doc>Waits until ``text`` appears on the current page.</doc>
<status status="PASS" start="2024-03-25T13:03:25.234624" elapsed="0.218296"/>
</kw>
<kw name="Mouse Over" owner="SeleniumLibrary">
<msg time="2024-03-25T13:03:25.453546" level="INFO">Simulating Mouse Over on element '(//img[@alt="PALUBNÍ ČASOPIS"])[1]'.</msg>
<arg>${MainPage_Food_Menu_Card}</arg>
<doc>Simulates hovering the mouse over the element ``locator``.</doc>
<status status="PASS" start="2024-03-25T13:03:25.453246" elapsed="0.697347"/>
</kw>
<kw name="Wait Until Page Contains" owner="SeleniumLibrary">
<arg>nabídky jídel a nápojů!</arg>
<doc>Waits until ``text`` appears on the current page.</doc>
<status status="PASS" start="2024-03-25T13:03:26.150867" elapsed="0.216934"/>
</kw>
<status status="PASS" start="2024-03-25T13:03:23.176649" elapsed="3.191697"/>
</kw>
<status status="PASS" start="2024-03-25T13:03:23.175708" elapsed="3.193321"/>
</test>
<test id="s1-t5" name="Post-Conditions" line="30">
<kw name="Post Condition Close Browser" owner="keywords">
<kw name="Sleep" owner="BuiltIn">
<msg time="2024-03-25T13:03:27.374120" level="INFO">Slept 1 second.</msg>
<arg>1</arg>
<doc>Pauses the test executed for the given time.</doc>
<status status="PASS" start="2024-03-25T13:03:26.371512" elapsed="1.003224"/>
</kw>
<kw name="Close Browser" owner="SeleniumLibrary">
<doc>Closes the current browser.</doc>
<status status="PASS" start="2024-03-25T13:03:27.375834" elapsed="0.282483"/>
</kw>
<status status="PASS" start="2024-03-25T13:03:26.370732" elapsed="1.287988"/>
</kw>
<status status="PASS" start="2024-03-25T13:03:26.369590" elapsed="1.289685"/>
</test>
<status status="FAIL" start="2024-03-25T13:03:15.481199" elapsed="12.179185"/>
</suite>
<statistics>
<total>
<stat pass="4" fail="1" skip="0">All Tests</stat>
</total>
<tag>
</tag>
<suite>
<stat pass="4" fail="1" skip="0" id="s1" name="TS 05-MainPage UI tests">TS 05-MainPage UI tests</stat>
</suite>
</statistics>
<errors>
</errors>
</robot>
