<?xml version="1.0" encoding="UTF-8"?>
<robot generator="Robot 7.0 (Python 3.9.6 on darwin)" generated="2024-02-20T10:20:24.587763" rpa="false" schemaversion="5">
<suite id="s1" name="MainPage Car Rent tests" source="/Users/martinpur/Documents/Automatizovane_testy_vzory/Automated_tests/MainPage_Car_Rent_tests.robot">
<test id="s1-t1" name="Pre-Conditions" line="18">
<kw name="Pre Condition Open Browser And Maximize" owner="keywords">
<kw name="Set Selenium Speed" owner="SeleniumLibrary">
<arg>${Speed}</arg>
<doc>Sets the delay that is waited after each Selenium command.</doc>
<status status="PASS" start="2024-02-20T10:20:24.697259" elapsed="0.000132"/>
</kw>
<kw name="Open Browser" owner="SeleniumLibrary">
<msg time="2024-02-20T10:20:24.697588" level="INFO">Opening browser 'Chrome' to base url 'https://www.ryanair.com/cz/cs'.</msg>
<arg>${URL}</arg>
<arg>${Browser}</arg>
<doc>Opens a new browser instance to the optional ``url``.</doc>
<status status="PASS" start="2024-02-20T10:20:24.697480" elapsed="2.011697"/>
</kw>
<kw name="Maximize Browser Window" owner="SeleniumLibrary">
<doc>Maximizes current browser window.</doc>
<status status="PASS" start="2024-02-20T10:20:26.709807" elapsed="0.620406"/>
</kw>
<kw name="Set Focus To Element" owner="SeleniumLibrary">
<arg>${Cookie_Button}</arg>
<doc>Sets the focus to the element identified by ``locator``.</doc>
<status status="PASS" start="2024-02-20T10:20:27.330514" elapsed="0.436084"/>
</kw>
<kw name="Click Element" owner="SeleniumLibrary">
<msg time="2024-02-20T10:20:27.768949" level="INFO">Clicking element '//*[@id="cookie-popup-with-overlay"]/div/div[3]/button[2]'.</msg>
<arg>${Cookie_Button}</arg>
<doc>Click the element identified by ``locator``.</doc>
<status status="PASS" start="2024-02-20T10:20:27.767662" elapsed="0.776762"/>
</kw>
<kw name="Wait Until Element Is Visible" owner="SeleniumLibrary">
<arg>${Element}</arg>
<doc>Waits until the element ``locator`` is visible.</doc>
<status status="PASS" start="2024-02-20T10:20:28.544927" elapsed="0.446477"/>
</kw>
<arg>${ChromeBrowser}</arg>
<arg>${URL}</arg>
<arg>${UI_Element}</arg>
<arg>0.2</arg>
<status status="PASS" start="2024-02-20T10:20:24.696741" elapsed="4.295531"/>
</kw>
<status status="PASS" start="2024-02-20T10:20:24.696437" elapsed="4.296952"/>
</test>
<test id="s1-t2" name="TC_04_01-Ryanair_MainPage_Switch_To_Car_Rent" line="21">
<kw name="Switch To Car Rent" owner="keywords">
<kw name="Wait Until Element Is Visible" owner="SeleniumLibrary">
<arg>${MainPage_Planning_Menu_DropDown_Button}</arg>
<doc>Waits until the element ``locator`` is visible.</doc>
<status status="PASS" start="2024-02-20T10:20:28.997263" elapsed="0.437720"/>
</kw>
<kw name="Click Element" owner="SeleniumLibrary">
<msg time="2024-02-20T10:20:29.435854" level="INFO">Clicking element '//div[@class="header__center"]/hp-header-content-container/hp-header-content/hp-header-sections-group[2]/hp-header-menu-item[1]/button'.</msg>
<arg>${MainPage_Planning_Menu_DropDown_Button}</arg>
<doc>Click the element identified by ``locator``.</doc>
<status status="PASS" start="2024-02-20T10:20:29.435403" elapsed="0.459530"/>
</kw>
<kw name="Wait Until Element Is Visible" owner="SeleniumLibrary">
<arg>${MainPage_Planning_Menu_Car_Rent_Button}</arg>
<doc>Waits until the element ``locator`` is visible.</doc>
<status status="PASS" start="2024-02-20T10:20:29.896416" elapsed="0.433401"/>
</kw>
<kw name="Click Element" owner="SeleniumLibrary">
<msg time="2024-02-20T10:20:30.332627" level="INFO">Clicking element '//*[@id="ry-tooltip-7"]/div[2]/hp-header-dropdown-content/div/div/div[2]/ul/li[3]/a'.</msg>
<arg>${MainPage_Planning_Menu_Car_Rent_Button}</arg>
<doc>Click the element identified by ``locator``.</doc>
<status status="PASS" start="2024-02-20T10:20:30.331144" elapsed="4.517008"/>
</kw>
<kw name="Element Should Be Visible" owner="SeleniumLibrary">
<msg time="2024-02-20T10:20:35.286330" level="INFO">Element '//*[@id="searchbox-toolbox-fts-pickup"]' is displayed.</msg>
<arg>${MainPage_Car_Rent_Pick_Up_Field}</arg>
<doc>Verifies that the element identified by ``locator`` is visible.</doc>
<status status="PASS" start="2024-02-20T10:20:34.849318" elapsed="0.437630"/>
</kw>
<status status="PASS" start="2024-02-20T10:20:28.996225" elapsed="6.291313"/>
</kw>
<status status="PASS" start="2024-02-20T10:20:28.994374" elapsed="6.293975"/>
</test>
<test id="s1-t3" name="Post-Conditions" line="24">
<kw name="Post Condition Close Browser" owner="keywords">
<kw name="Sleep" owner="BuiltIn">
<msg time="2024-02-20T10:20:36.293851" level="INFO">Slept 1 second.</msg>
<arg>1</arg>
<doc>Pauses the test executed for the given time.</doc>
<status status="PASS" start="2024-02-20T10:20:35.291152" elapsed="1.002821"/>
</kw>
<kw name="Close Browser" owner="SeleniumLibrary">
<doc>Closes the current browser.</doc>
<status status="PASS" start="2024-02-20T10:20:36.294189" elapsed="0.277544"/>
</kw>
<status status="PASS" start="2024-02-20T10:20:35.290376" elapsed="1.281663"/>
</kw>
<status status="PASS" start="2024-02-20T10:20:35.289055" elapsed="1.283501"/>
</test>
<status status="PASS" start="2024-02-20T10:20:24.588399" elapsed="11.985022"/>
</suite>
<statistics>
<total>
<stat pass="3" fail="0" skip="0">All Tests</stat>
</total>
<tag>
</tag>
<suite>
<stat pass="3" fail="0" skip="0" id="s1" name="MainPage Car Rent tests">MainPage Car Rent tests</stat>
</suite>
</statistics>
<errors>
</errors>
</robot>
