<?xml version="1.0" encoding="UTF-8"?>
<robot generator="Robot 7.0 (Python 3.9.6 on darwin)" generated="2024-02-08T13:37:06.252180" rpa="false" schemaversion="5">
<suite id="s1" name="Register tests" source="/Users/martinpur/Documents/Automatizovane_testy_vzory/Automated_tests/Register_tests.robot">
<test id="s1-t1" name="Pre-Conditions" line="18">
<kw name="Pre Condition Open Browser And Maximize" owner="keywords">
<kw name="Set Selenium Speed" owner="SeleniumLibrary">
<arg>${Speed}</arg>
<doc>Sets the delay that is waited after each Selenium command.</doc>
<status status="PASS" start="2024-02-08T13:37:06.336805" elapsed="0.000552"/>
</kw>
<kw name="Open Browser" owner="SeleniumLibrary">
<msg time="2024-02-08T13:37:06.337578" level="INFO">Opening browser 'Chrome' to base url 'https://www.ryanair.com/cz/cs'.</msg>
<arg>${URL}</arg>
<arg>${Browser}</arg>
<doc>Opens a new browser instance to the optional ``url``.</doc>
<status status="PASS" start="2024-02-08T13:37:06.337461" elapsed="4.181019"/>
</kw>
<kw name="Maximize Browser Window" owner="SeleniumLibrary">
<doc>Maximizes current browser window.</doc>
<status status="PASS" start="2024-02-08T13:37:10.519003" elapsed="0.621008"/>
</kw>
<kw name="Set Focus To Element" owner="SeleniumLibrary">
<arg>${Cookie_Button}</arg>
<doc>Sets the focus to the element identified by ``locator``.</doc>
<status status="PASS" start="2024-02-08T13:37:11.141233" elapsed="0.439157"/>
</kw>
<kw name="Click Element" owner="SeleniumLibrary">
<msg time="2024-02-08T13:37:11.581067" level="INFO">Clicking element '//*[@id="cookie-popup-with-overlay"]/div/div[3]/button[2]'.</msg>
<arg>${Cookie_Button}</arg>
<doc>Click the element identified by ``locator``.</doc>
<status status="PASS" start="2024-02-08T13:37:11.580700" elapsed="0.995625"/>
</kw>
<kw name="Wait Until Element Is Visible" owner="SeleniumLibrary">
<arg>${Element}</arg>
<doc>Waits until the element ``locator`` is visible.</doc>
<status status="PASS" start="2024-02-08T13:37:12.576794" elapsed="0.446059"/>
</kw>
<arg>${ChromeBrowser}</arg>
<arg>${URL}</arg>
<arg>${UI_Element}</arg>
<arg>0.2</arg>
<status status="PASS" start="2024-02-08T13:37:06.336267" elapsed="6.687370"/>
</kw>
<status status="PASS" start="2024-02-08T13:37:06.335921" elapsed="6.688662"/>
</test>
<test id="s1-t2" name="TC01-Ryanair_MainPage_Navigate_To_RegisterPage" line="21">
<kw name="Navigate To Page By Button And Check Title" owner="keywords">
<kw name="Element Should Be Visible" owner="SeleniumLibrary">
<msg time="2024-02-08T13:37:13.466707" level="INFO">Element '//div[@class="header__center"]/hp-header-content-container/hp-header-content/hp-header-sections-group[2]/hp-header-menu-item[3]/button' is displayed.</msg>
<arg>${Menu_Button}</arg>
<doc>Verifies that the element identified by ``locator`` is visible.</doc>
<status status="PASS" start="2024-02-08T13:37:13.028329" elapsed="0.438998"/>
</kw>
<kw name="Set Focus To Element" owner="SeleniumLibrary">
<arg>${Menu_Button}</arg>
<doc>Sets the focus to the element identified by ``locator``.</doc>
<status status="PASS" start="2024-02-08T13:37:13.468487" elapsed="0.432838"/>
</kw>
<kw name="Click Element" owner="SeleniumLibrary">
<msg time="2024-02-08T13:37:13.903858" level="INFO">Clicking element '//div[@class="header__center"]/hp-header-content-container/hp-header-content/hp-header-sections-group[2]/hp-header-menu-item[3]/button'.</msg>
<arg>${Menu_Button}</arg>
<doc>Click the element identified by ``locator``.</doc>
<status status="PASS" start="2024-02-08T13:37:13.902501" elapsed="0.462924"/>
</kw>
<kw name="Title Should Be" owner="SeleniumLibrary">
<msg time="2024-02-08T13:37:14.577621" level="INFO">Page title is 'Oficiální internetové stránky Ryanair | Levné lety | Exkluzivní nabídka'.</msg>
<arg>${Result_Title}</arg>
<doc>Verifies that the current page title equals ``title``.</doc>
<status status="PASS" start="2024-02-08T13:37:14.365727" elapsed="0.212074"/>
</kw>
<arg>${Register_Menu_Button}</arg>
<arg>${Result_Title}</arg>
<status status="PASS" start="2024-02-08T13:37:13.027173" elapsed="1.550797"/>
</kw>
<status status="PASS" start="2024-02-08T13:37:13.025561" elapsed="1.552704"/>
</test>
<test id="s1-t3" name="TC02-Ryanair_RegisterPage_Register_With_Empty_Fields" line="24">
<kw name="Register With Empty Fields" owner="keywords">
<kw name="Wait Until Element Is Visible" owner="SeleniumLibrary">
<arg>css=.dialog.signup-dialog</arg>
<doc>Waits until the element ``locator`` is visible.</doc>
<status status="PASS" start="2024-02-08T13:37:14.579772" elapsed="0.428407"/>
</kw>
<kw name="Submit Form" owner="keywords">
<kw name="Set Focus To Element" owner="SeleniumLibrary">
<msg time="2024-02-08T13:37:15.217722" level="FAIL">Element with locator 'css=ry-auth-popup ry-auth-popup--kyc ry-kyc-iframe form ry-auth-submit button' not found.</msg>
<arg>${Submit_Button}</arg>
<doc>Sets the focus to the element identified by ``locator``.</doc>
<status status="FAIL" start="2024-02-08T13:37:15.008641" elapsed="0.219059">Element with locator 'css=ry-auth-popup ry-auth-popup--kyc ry-kyc-iframe form ry-auth-submit button' not found.</status>
</kw>
<kw name="Click Element" owner="SeleniumLibrary">
<arg>${Submit_Button}</arg>
<doc>Click the element identified by ``locator``.</doc>
<status status="NOT RUN" start="2024-02-08T13:37:15.227966" elapsed="0.000043"/>
</kw>
<arg>${Register_Button}</arg>
<status status="FAIL" start="2024-02-08T13:37:15.008381" elapsed="0.219770">Element with locator 'css=ry-auth-popup ry-auth-popup--kyc ry-kyc-iframe form ry-auth-submit button' not found.</status>
</kw>
<kw name="Wait Until Page Contains" owner="SeleniumLibrary">
<arg>${Expected_Warning}</arg>
<doc>Waits until ``text`` appears on the current page.</doc>
<status status="NOT RUN" start="2024-02-08T13:37:15.228302" elapsed="0.000036"/>
</kw>
<arg>Je třeba uvést e-mail</arg>
<status status="FAIL" start="2024-02-08T13:37:14.579219" elapsed="0.649218">Element with locator 'css=ry-auth-popup ry-auth-popup--kyc ry-kyc-iframe form ry-auth-submit button' not found.</status>
</kw>
<status status="FAIL" start="2024-02-08T13:37:14.578593" elapsed="0.650094">Element with locator 'css=ry-auth-popup ry-auth-popup--kyc ry-kyc-iframe form ry-auth-submit button' not found.</status>
</test>
<test id="s1-t4" name="TC03-Ryanair_RegisterPage_Register_With_Email" line="27">
<kw name="Register With Email Result Text" owner="keywords">
<kw name="Wait Until Element Is Visible" owner="SeleniumLibrary">
<msg time="2024-02-08T13:37:20.261235" level="FAIL">Element '//form[@class="form ng-pristine ng-invalid ng-touched"]/ry-auth-email/ry-input-d/div/input' not visible after 5 seconds.</msg>
<arg>${Register_Email_Field}</arg>
<doc>Waits until the element ``locator`` is visible.</doc>
<status status="FAIL" start="2024-02-08T13:37:15.229769" elapsed="5.037890">Element '//form[@class="form ng-pristine ng-invalid ng-touched"]/ry-auth-email/ry-input-d/div/input' not visible after 5 seconds.</status>
</kw>
<kw name="Wait Until Element Is Visible" owner="SeleniumLibrary">
<arg>${Register_Password_Field}</arg>
<doc>Waits until the element ``locator`` is visible.</doc>
<status status="NOT RUN" start="2024-02-08T13:37:20.268154" elapsed="0.000082"/>
</kw>
<kw name="Put Text Into Field" owner="keywords">
<arg>${Register_Email_Field}</arg>
<arg>${Email_Value}</arg>
<status status="NOT RUN" start="2024-02-08T13:37:20.268578" elapsed="0.000057"/>
</kw>
<kw name="Submit Form" owner="keywords">
<arg>${Register_Button}</arg>
<status status="NOT RUN" start="2024-02-08T13:37:20.268853" elapsed="0.000045"/>
</kw>
<kw name="Wait Until Page Contains" owner="SeleniumLibrary">
<arg>${Expected_Text}</arg>
<doc>Waits until ``text`` appears on the current page.</doc>
<status status="NOT RUN" start="2024-02-08T13:37:20.269070" elapsed="0.000040"/>
</kw>
<arg>email</arg>
<arg>Neplatný formát e-mailové adresy</arg>
<status status="FAIL" start="2024-02-08T13:37:15.229418" elapsed="5.039896">Element '//form[@class="form ng-pristine ng-invalid ng-touched"]/ry-auth-email/ry-input-d/div/input' not visible after 5 seconds.</status>
</kw>
<status status="FAIL" start="2024-02-08T13:37:15.228950" elapsed="5.040713">Element '//form[@class="form ng-pristine ng-invalid ng-touched"]/ry-auth-email/ry-input-d/div/input' not visible after 5 seconds.</status>
</test>
<test id="s1-t5" name="TC04-Ryanair_RegisterPage_Register_With_Email_Without_Dot" line="30">
<kw name="Register With Email Result Text" owner="keywords">
<kw name="Wait Until Element Is Visible" owner="SeleniumLibrary">
<msg time="2024-02-08T13:37:25.300370" level="FAIL">Element '//form[@class="form ng-pristine ng-invalid ng-touched"]/ry-auth-email/ry-input-d/div/input' not visible after 5 seconds.</msg>
<arg>${Register_Email_Field}</arg>
<doc>Waits until the element ``locator`` is visible.</doc>
<status status="FAIL" start="2024-02-08T13:37:20.271297" elapsed="5.030239">Element '//form[@class="form ng-pristine ng-invalid ng-touched"]/ry-auth-email/ry-input-d/div/input' not visible after 5 seconds.</status>
</kw>
<kw name="Wait Until Element Is Visible" owner="SeleniumLibrary">
<arg>${Register_Password_Field}</arg>
<doc>Waits until the element ``locator`` is visible.</doc>
<status status="NOT RUN" start="2024-02-08T13:37:25.302762" elapsed="0.000170"/>
</kw>
<kw name="Put Text Into Field" owner="keywords">
<arg>${Register_Email_Field}</arg>
<arg>${Email_Value}</arg>
<status status="NOT RUN" start="2024-02-08T13:37:25.303818" elapsed="0.000186"/>
</kw>
<kw name="Submit Form" owner="keywords">
<arg>${Register_Button}</arg>
<status status="NOT RUN" start="2024-02-08T13:37:25.304554" elapsed="0.000115"/>
</kw>
<kw name="Wait Until Page Contains" owner="SeleniumLibrary">
<arg>${Expected_Text}</arg>
<doc>Waits until ``text`` appears on the current page.</doc>
<status status="NOT RUN" start="2024-02-08T13:37:25.305859" elapsed="0.000089"/>
</kw>
<arg>email@email</arg>
<arg>Neplatný formát e-mailové adresy</arg>
<status status="FAIL" start="2024-02-08T13:37:20.270803" elapsed="5.035567">Element '//form[@class="form ng-pristine ng-invalid ng-touched"]/ry-auth-email/ry-input-d/div/input' not visible after 5 seconds.</status>
</kw>
<status status="FAIL" start="2024-02-08T13:37:20.270141" elapsed="5.036983">Element '//form[@class="form ng-pristine ng-invalid ng-touched"]/ry-auth-email/ry-input-d/div/input' not visible after 5 seconds.</status>
</test>
<test id="s1-t6" name="TC05-Ryanair_RegisterPage_Register_With_Email_Without_At_Sign" line="33">
<kw name="Register With Email Result Text" owner="keywords">
<kw name="Wait Until Element Is Visible" owner="SeleniumLibrary">
<msg time="2024-02-08T13:37:30.330477" level="FAIL">Element '//form[@class="form ng-pristine ng-invalid ng-touched"]/ry-auth-email/ry-input-d/div/input' not visible after 5 seconds.</msg>
<arg>${Register_Email_Field}</arg>
<doc>Waits until the element ``locator`` is visible.</doc>
<status status="FAIL" start="2024-02-08T13:37:25.308848" elapsed="5.022773">Element '//form[@class="form ng-pristine ng-invalid ng-touched"]/ry-auth-email/ry-input-d/div/input' not visible after 5 seconds.</status>
</kw>
<kw name="Wait Until Element Is Visible" owner="SeleniumLibrary">
<arg>${Register_Password_Field}</arg>
<doc>Waits until the element ``locator`` is visible.</doc>
<status status="NOT RUN" start="2024-02-08T13:37:30.332820" elapsed="0.000157"/>
</kw>
<kw name="Put Text Into Field" owner="keywords">
<arg>${Register_Email_Field}</arg>
<arg>${Email_Value}</arg>
<status status="NOT RUN" start="2024-02-08T13:37:30.333815" elapsed="0.000166"/>
</kw>
<kw name="Submit Form" owner="keywords">
<arg>${Register_Button}</arg>
<status status="NOT RUN" start="2024-02-08T13:37:30.334503" elapsed="0.000115"/>
</kw>
<kw name="Wait Until Page Contains" owner="SeleniumLibrary">
<arg>${Expected_Text}</arg>
<doc>Waits until ``text`` appears on the current page.</doc>
<status status="NOT RUN" start="2024-02-08T13:37:30.335064" elapsed="0.000107"/>
</kw>
<arg>email.email</arg>
<arg>Neplatný formát e-mailové adresy</arg>
<status status="FAIL" start="2024-02-08T13:37:25.308332" elapsed="5.027314">Element '//form[@class="form ng-pristine ng-invalid ng-touched"]/ry-auth-email/ry-input-d/div/input' not visible after 5 seconds.</status>
</kw>
<status status="FAIL" start="2024-02-08T13:37:25.307559" elapsed="5.028862">Element '//form[@class="form ng-pristine ng-invalid ng-touched"]/ry-auth-email/ry-input-d/div/input' not visible after 5 seconds.</status>
</test>
<test id="s1-t7" name="TC06-Ryanair_RegisterPage_Register_With_Non_Existing_Email" line="36">
<kw name="Register With Incorrect Value In Field Result Label Color" owner="keywords">
<kw name="Element Should Be Visible" owner="SeleniumLibrary">
<msg time="2024-02-08T13:37:30.551501" level="FAIL">Element with locator '//form[@class="form ng-pristine ng-invalid ng-touched"]/ry-auth-email/ry-input-d/div/input' not found.</msg>
<arg>${Register_Email_Field}</arg>
<doc>Verifies that the element identified by ``locator`` is visible.</doc>
<status status="FAIL" start="2024-02-08T13:37:30.338407" elapsed="0.214228">Element with locator '//form[@class="form ng-pristine ng-invalid ng-touched"]/ry-auth-email/ry-input-d/div/input' not found.</status>
</kw>
<kw name="Element Should Be Visible" owner="SeleniumLibrary">
<arg>${Register_Password_Field}</arg>
<doc>Verifies that the element identified by ``locator`` is visible.</doc>
<status status="NOT RUN" start="2024-02-08T13:37:30.553854" elapsed="0.000150"/>
</kw>
<kw name="Put Text Into Field" owner="keywords">
<arg>${Register_Field}</arg>
<arg>${Register_Field_Value}</arg>
<status status="NOT RUN" start="2024-02-08T13:37:30.554826" elapsed="0.000141"/>
</kw>
<kw name="Submit Form" owner="keywords">
<arg>${Register_Button}</arg>
<status status="NOT RUN" start="2024-02-08T13:37:30.555467" elapsed="0.000095"/>
</kw>
<kw name="Sleep" owner="BuiltIn">
<arg>1</arg>
<doc>Pauses the test executed for the given time.</doc>
<status status="NOT RUN" start="2024-02-08T13:37:30.555991" elapsed="0.000110"/>
</kw>
<kw name="Element Attribute Value Should Be" owner="SeleniumLibrary">
<arg>${Register_Field}</arg>
<arg>border-color</arg>
<arg>${Warining_Color}</arg>
<doc>Verifies element identified by ``locator`` contains expected attribute value.</doc>
<status status="NOT RUN" start="2024-02-08T13:37:30.556577" elapsed="0.000104"/>
</kw>
<arg>${Register_Email_Field}</arg>
<arg>Ema1l@l1amE.com</arg>
<arg>\#cf2e1d</arg>
<status status="FAIL" start="2024-02-08T13:37:30.337708" elapsed="0.219462">Element with locator '//form[@class="form ng-pristine ng-invalid ng-touched"]/ry-auth-email/ry-input-d/div/input' not found.</status>
</kw>
<status status="FAIL" start="2024-02-08T13:37:30.336902" elapsed="0.221209">Element with locator '//form[@class="form ng-pristine ng-invalid ng-touched"]/ry-auth-email/ry-input-d/div/input' not found.</status>
</test>
<test id="s1-t8" name="TC07-Ryanair_RegisterPage_Register_With_Weak_Password" line="39">
<kw name="Register With Incorrect Value In Field Result Label Color" owner="keywords">
<kw name="Element Should Be Visible" owner="SeleniumLibrary">
<msg time="2024-02-08T13:37:30.777312" level="FAIL">Element with locator '//form[@class="form ng-pristine ng-invalid ng-touched"]/ry-auth-email/ry-input-d/div/input' not found.</msg>
<arg>${Register_Email_Field}</arg>
<doc>Verifies that the element identified by ``locator`` is visible.</doc>
<status status="FAIL" start="2024-02-08T13:37:30.561503" elapsed="0.216866">Element with locator '//form[@class="form ng-pristine ng-invalid ng-touched"]/ry-auth-email/ry-input-d/div/input' not found.</status>
</kw>
<kw name="Element Should Be Visible" owner="SeleniumLibrary">
<arg>${Register_Password_Field}</arg>
<doc>Verifies that the element identified by ``locator`` is visible.</doc>
<status status="NOT RUN" start="2024-02-08T13:37:30.779503" elapsed="0.000157"/>
</kw>
<kw name="Put Text Into Field" owner="keywords">
<arg>${Register_Field}</arg>
<arg>${Register_Field_Value}</arg>
<status status="NOT RUN" start="2024-02-08T13:37:30.780542" elapsed="0.000138"/>
</kw>
<kw name="Submit Form" owner="keywords">
<arg>${Register_Button}</arg>
<status status="NOT RUN" start="2024-02-08T13:37:30.781187" elapsed="0.000044"/>
</kw>
<kw name="Sleep" owner="BuiltIn">
<arg>1</arg>
<doc>Pauses the test executed for the given time.</doc>
<status status="NOT RUN" start="2024-02-08T13:37:30.781416" elapsed="0.000042"/>
</kw>
<kw name="Element Attribute Value Should Be" owner="SeleniumLibrary">
<arg>${Register_Field}</arg>
<arg>border-color</arg>
<arg>${Warining_Color}</arg>
<doc>Verifies element identified by ``locator`` contains expected attribute value.</doc>
<status status="NOT RUN" start="2024-02-08T13:37:30.781911" elapsed="0.000044"/>
</kw>
<arg>${Register_Password_Field}</arg>
<arg>passwd</arg>
<arg>\#cf2e1d</arg>
<status status="FAIL" start="2024-02-08T13:37:30.560343" elapsed="0.221889">Element with locator '//form[@class="form ng-pristine ng-invalid ng-touched"]/ry-auth-email/ry-input-d/div/input' not found.</status>
</kw>
<status status="FAIL" start="2024-02-08T13:37:30.558963" elapsed="0.223810">Element with locator '//form[@class="form ng-pristine ng-invalid ng-touched"]/ry-auth-email/ry-input-d/div/input' not found.</status>
</test>
<test id="s1-t9" name="Post-Conditions" line="42">
<kw name="Post Condition Close Browser" owner="keywords">
<kw name="Sleep" owner="BuiltIn">
<msg time="2024-02-08T13:37:31.786212" level="INFO">Slept 1 second.</msg>
<arg>1</arg>
<doc>Pauses the test executed for the given time.</doc>
<status status="PASS" start="2024-02-08T13:37:30.785345" elapsed="1.001483"/>
</kw>
<kw name="Close Browser" owner="SeleniumLibrary">
<doc>Closes the current browser.</doc>
<status status="PASS" start="2024-02-08T13:37:31.787826" elapsed="0.272303"/>
</kw>
<status status="PASS" start="2024-02-08T13:37:30.784311" elapsed="1.276158"/>
</kw>
<status status="PASS" start="2024-02-08T13:37:30.783445" elapsed="1.277457"/>
</test>
<status status="FAIL" start="2024-02-08T13:37:06.252841" elapsed="25.808937"/>
</suite>
<statistics>
<total>
<stat pass="3" fail="6" skip="0">All Tests</stat>
</total>
<tag>
</tag>
<suite>
<stat pass="3" fail="6" skip="0" id="s1" name="Register tests">Register tests</stat>
</suite>
</statistics>
<errors>
</errors>
</robot>
